c:\users\vadim\source\repos\indexserver\indexserver\debug\vc142.pdb
c:\users\vadim\source\repos\indexserver\indexserver\debug\vc142.idb
c:\users\vadim\source\repos\indexserver\indexserver\debug\vectorfunctions.obj
c:\users\vadim\source\repos\indexserver\indexserver\debug\threadpool.obj
c:\users\vadim\source\repos\indexserver\indexserver\debug\stringfunctions.obj
c:\users\vadim\source\repos\indexserver\indexserver\debug\protectedserver.obj
c:\users\vadim\source\repos\indexserver\indexserver\debug\main.obj
c:\users\vadim\source\repos\indexserver\indexserver\debug\invertedindex.obj
c:\users\vadim\source\repos\indexserver\indexserver\debug\sitefilter.obj
c:\users\vadim\source\repos\indexserver\indexserver\debug\site.obj
c:\users\vadim\source\repos\indexserver\indexserver\debug\searchfunctions.obj
c:\users\vadim\source\repos\indexserver\indexserver\debug\hashtable.obj
c:\users\vadim\source\repos\indexserver\indexserver\debug\filemanager.obj
c:\users\vadim\source\repos\indexserver\indexserver\debug\client.obj
c:\users\vadim\source\repos\indexserver\indexserver\debug\protectedindextest.obj
c:\users\vadim\source\repos\indexserver\indexserver\debug\vectorfunctiontest.obj
c:\users\vadim\source\repos\indexserver\indexserver\debug\stringfunctiontest.obj
c:\users\vadim\source\repos\indexserver\indexserver\debug\invertedindextest.obj
c:\users\vadim\source\repos\indexserver\indexserver\debug\hashtabletest.obj
c:\users\vadim\source\repos\indexserver\indexserver\debug\filemanagertest.obj
c:\users\vadim\source\repos\indexserver\indexserver\debug\searchfunctionstest.obj
c:\users\vadim\source\repos\indexserver\debug\jsoncpp.dll
c:\users\vadim\source\repos\indexserver\debug\libcrypto-3.dll
c:\users\vadim\source\repos\indexserver\debug\libcurl-d.dll
c:\users\vadim\source\repos\indexserver\debug\zlibd1.dll
c:\users\vadim\source\repos\indexserver\debug\libssl-3.dll
c:\users\vadim\source\repos\indexserver\debug\gmock.dll
c:\users\vadim\source\repos\indexserver\indexserver\debug\filemanager.obj.enc
c:\users\vadim\source\repos\indexserver\debug\indexserver.pdb
c:\users\vadim\source\repos\indexserver\indexserver\debug\indexserver.tlog\cl.command.1.tlog
c:\users\vadim\source\repos\indexserver\indexserver\debug\indexserver.tlog\cl.read.1.tlog
c:\users\vadim\source\repos\indexserver\indexserver\debug\indexserver.tlog\cl.write.1.tlog
c:\users\vadim\source\repos\indexserver\indexserver\debug\indexserver.tlog\indexserver.write.1u.tlog
c:\users\vadim\source\repos\indexserver\indexserver\debug\indexserver.tlog\link-cvtres.read.1.tlog
c:\users\vadim\source\repos\indexserver\indexserver\debug\indexserver.tlog\link-cvtres.write.1.tlog
c:\users\vadim\source\repos\indexserver\indexserver\debug\indexserver.tlog\link-rc.read.1.tlog
c:\users\vadim\source\repos\indexserver\indexserver\debug\indexserver.tlog\link-rc.write.1.tlog
c:\users\vadim\source\repos\indexserver\indexserver\debug\indexserver.tlog\link.15016-cvtres.read.1.tlog
c:\users\vadim\source\repos\indexserver\indexserver\debug\indexserver.tlog\link.15016-cvtres.write.1.tlog
c:\users\vadim\source\repos\indexserver\indexserver\debug\indexserver.tlog\link.15016-rc.read.1.tlog
c:\users\vadim\source\repos\indexserver\indexserver\debug\indexserver.tlog\link.15016-rc.write.1.tlog
c:\users\vadim\source\repos\indexserver\indexserver\debug\indexserver.tlog\link.15016.read.1.tlog
c:\users\vadim\source\repos\indexserver\indexserver\debug\indexserver.tlog\link.15016.write.1.tlog
c:\users\vadim\source\repos\indexserver\indexserver\debug\indexserver.tlog\link.command.1.tlog
c:\users\vadim\source\repos\indexserver\indexserver\debug\indexserver.tlog\link.read.1.tlog
c:\users\vadim\source\repos\indexserver\indexserver\debug\indexserver.tlog\link.write.1.tlog
